  Building Custom Rule D:/PHengLEI-master/phenglei/Main/CMakeLists.txt
  main.cpp
  CFDSimulation.cpp
  Simulation.cpp
  GridFactory.cpp
  FieldViewIn.cpp
D:\PHengLEI-master\phenglei\PHengLEI\3rdparty\HDF5\windows\vs19\win-x64\include\H5Opublic.h(661,1): warning C4819: 该文件包含不能在当前代码页(936)中表示的字符。请将该文件保存为 Unicode 格式以防止数据丢失
  (编译源文件“../../../Main/src/GridFactory.cpp”)
  
D:\PHengLEI-master\phenglei\PHengLEI\3rdparty\HDF5\windows\vs19\win-x64\include\H5Opublic.h(1305,1): warning C4819: 该文件包含不能在当前代码页(936)中表示的字符。请将该文件保存为 Unicode 格式以防止数据丢失
  (编译源文件“../../../Main/src/GridFactory.cpp”)
  
D:\PHengLEI-master\phenglei\PHengLEI\3rdparty\HDF5\windows\vs19\win-x64\include\H5Tpublic.h(1845,1): warning C4819: 该文件包含不能在当前代码页(936)中表示的字符。请将该文件保存为 Unicode 格式以防止数据丢失
  (编译源文件“../../../Main/src/GridFactory.cpp”)
  
D:\PHengLEI-master\phenglei\PHengLEI\3rdparty\HDF5\windows\vs19\win-x64\include\H5ACpublic.h(1,1): warning C4819: 该文件包含不能在当前代码页(936)中表示的字符。请将该文件保存为 Unicode 格式以防止数据丢失
  (编译源文件“../../../Main/src/GridFactory.cpp”)
  
D:\PHengLEI-master\phenglei\PHengLEI\3rdparty\HDF5\windows\vs19\win-x64\include\H5Dpublic.h(1,1): warning C4819: 该文件包含不能在当前代码页(936)中表示的字符。请将该文件保存为 Unicode 格式以防止数据丢失
  (编译源文件“../../../Main/src/GridFactory.cpp”)
  
D:\PHengLEI-master\phenglei\PHengLEI\3rdparty\HDF5\windows\vs19\win-x64\include\H5Dpublic.h(722,1): warning C4819: 该文件包含不能在当前代码页(936)中表示的字符。请将该文件保存为 Unicode 格式以防止数据丢失
  (编译源文件“../../../Main/src/GridFactory.cpp”)
  
  GridPartition.cpp
D:\PHengLEI-master\phenglei\PHengLEI\3rdparty\HDF5\windows\vs19\win-x64\include\H5Fpublic.h(1,1): warning C4819: 该文件包含不能在当前代码页(936)中表示的字符。请将该文件保存为 Unicode 格式以防止数据丢失
  (编译源文件“../../../Main/src/GridFactory.cpp”)
  
D:\PHengLEI-master\phenglei\PHengLEI\3rdparty\HDF5\windows\vs19\win-x64\include\H5Gpublic.h(783,1): warning C4819: 该文件包含不能在当前代码页(936)中表示的字符。请将该文件保存为 Unicode 格式以防止数据丢失
  (编译源文件“../../../Main/src/GridFactory.cpp”)
  
D:\PHengLEI-master\phenglei\PHengLEI\3rdparty\HDF5\windows\vs19\win-x64\include\H5Ppublic.h(773,1): warning C4819: 该文件包含不能在当前代码页(936)中表示的字符。请将该文件保存为 Unicode 格式以防止数据丢失
  (编译源文件“../../../Main/src/GridFactory.cpp”)
  
D:\PHengLEI-master\phenglei\PHengLEI\3rdparty\HDF5\windows\vs19\win-x64\include\H5Ppublic.h(2965,1): warning C4819: 该文件包含不能在当前代码页(936)中表示的字符。请将该文件保存为 Unicode 格式以防止数据丢失
  (编译源文件“../../../Main/src/GridFactory.cpp”)
  
D:\PHengLEI-master\phenglei\PHengLEI\3rdparty\HDF5\windows\vs19\win-x64\include\H5Ppublic.h(4433,1): warning C4819: 该文件包含不能在当前代码页(936)中表示的字符。请将该文件保存为 Unicode 格式以防止数据丢失
  (编译源文件“../../../Main/src/GridFactory.cpp”)
  
D:\PHengLEI-master\phenglei\PHengLEI\3rdparty\HDF5\windows\vs19\win-x64\include\H5Ppublic.h(5709,1): warning C4819: 该文件包含不能在当前代码页(936)中表示的字符。请将该文件保存为 Unicode 格式以防止数据丢失
  (编译源文件“../../../Main/src/GridFactory.cpp”)
  
D:\PHengLEI-master\phenglei\PHengLEI\3rdparty\HDF5\windows\vs19\win-x64\include\H5Ppublic.h(6428,1): warning C4819: 该文件包含不能在当前代码页(936)中表示的字符。请将该文件保存为 Unicode 格式以防止数据丢失
  (编译源文件“../../../Main/src/GridFactory.cpp”)
  
D:\PHengLEI-master\phenglei\PHengLEI\3rdparty\HDF5\windows\vs19\win-x64\include\H5Ppublic.h(8382,1): warning C4819: 该文件包含不能在当前代码页(936)中表示的字符。请将该文件保存为 Unicode 格式以防止数据丢失
  (编译源文件“../../../Main/src/GridFactory.cpp”)
  
D:\PHengLEI-master\phenglei\PHengLEI\3rdparty\HDF5\windows\vs19\win-x64\include\H5Ppublic.h(9776,1): warning C4819: 该文件包含不能在当前代码页(936)中表示的字符。请将该文件保存为 Unicode 格式以防止数据丢失
  (编译源文件“../../../Main/src/GridFactory.cpp”)
  
  GridView.cpp
  FluentIn.cpp
  Gmesh.cpp
  GridgenIn.cpp
D:\PHengLEI-master\phenglei\PHengLEI\3rdparty\metis\include\metis64.h(71,9): warning C4005: “PRId32”: 宏重定义
  (编译源文件“../../../Main/src/GridFactory.cpp”)
      C:\Program Files (x86)\Windows Kits\10\Include\10.0.26100.0\ucrt\inttypes.h(116,9):
      参见“PRId32”的前一个定义
  
D:\PHengLEI-master\phenglei\PHengLEI\3rdparty\metis\include\metis64.h(72,9): warning C4005: “PRId64”: 宏重定义
  (编译源文件“../../../Main/src/GridFactory.cpp”)
      C:\Program Files (x86)\Windows Kits\10\Include\10.0.26100.0\ucrt\inttypes.h(117,9):
      参见“PRId64”的前一个定义
  
D:\PHengLEI-master\phenglei\PHengLEI\3rdparty\metis\include\metis64.h(73,9): warning C4005: “SCNd32”: 宏重定义
  (编译源文件“../../../Main/src/GridFactory.cpp”)
      C:\Program Files (x86)\Windows Kits\10\Include\10.0.26100.0\ucrt\inttypes.h(237,9):
      参见“SCNd32”的前一个定义
  
D:\PHengLEI-master\phenglei\PHengLEI\3rdparty\metis\include\metis64.h(74,9): warning C4005: “SCNd64”: 宏重定义
  (编译源文件“../../../Main/src/GridFactory.cpp”)
      C:\Program Files (x86)\Windows Kits\10\Include\10.0.26100.0\ucrt\inttypes.h(238,9):
      参见“SCNd64”的前一个定义
  
D:\PHengLEI-master\phenglei\Mesh\include\UnstructuredOversetConfig.h(806,20): warning C4305: “return”: 从“int”到“bool”截断
  (编译源文件“../../../Main/src/Simulation.cpp”)
  
D:\PHengLEI-master\phenglei\Mesh\include\UnstructuredOversetConfig.h(960,15): warning C4244: “参数”: 从“PHSPACE::RDouble”转换到“float”，可能丢失数据
  (编译源文件“../../../Main/src/Simulation.cpp”)
  
D:\PHengLEI-master\phenglei\Main\src\Gmesh.cpp(749,19): warning C4267: “初始化”: 从“size_t”转换到“int”，可能丢失数据
D:\PHengLEI-master\phenglei\Main\src\Gmesh.cpp(768,29): warning C4267: “初始化”: 从“size_t”转换到“int”，可能丢失数据
C:\Program Files (x86)\Windows Kits\10\Include\10.0.26100.0\ucrt\inttypes.h(116,9): warning C4005: “PRId32”: 宏重定义
  (编译源文件“../../../Main/src/Simulation.cpp”)
      D:\PHengLEI-master\phenglei\PHengLEI\3rdparty\metis\include\metis64.h(71,9):
      参见“PRId32”的前一个定义
  
C:\Program Files (x86)\Windows Kits\10\Include\10.0.26100.0\ucrt\inttypes.h(117,9): warning C4005: “PRId64”: 宏重定义
  (编译源文件“../../../Main/src/Simulation.cpp”)
      D:\PHengLEI-master\phenglei\PHengLEI\3rdparty\metis\include\metis64.h(72,9):
      参见“PRId64”的前一个定义
  
C:\Program Files (x86)\Windows Kits\10\Include\10.0.26100.0\ucrt\inttypes.h(237,9): warning C4005: “SCNd32”: 宏重定义
  (编译源文件“../../../Main/src/Simulation.cpp”)
      D:\PHengLEI-master\phenglei\PHengLEI\3rdparty\metis\include\metis64.h(73,9):
      参见“SCNd32”的前一个定义
  
C:\Program Files (x86)\Windows Kits\10\Include\10.0.26100.0\ucrt\inttypes.h(238,9): warning C4005: “SCNd64”: 宏重定义
  (编译源文件“../../../Main/src/Simulation.cpp”)
      D:\PHengLEI-master\phenglei\PHengLEI\3rdparty\metis\include\metis64.h(74,9):
      参见“SCNd64”的前一个定义
  
D:\PHengLEI-master\phenglei\PHengLEI\3rdparty\HDF5\windows\vs19\win-x64\include\H5Opublic.h(661,1): warning C4819: 该文件包含不能在当前代码页(936)中表示的字符。请将该文件保存为 Unicode 格式以防止数据丢失
  (编译源文件“../../../Main/src/Simulation.cpp”)
  
D:\PHengLEI-master\phenglei\PHengLEI\3rdparty\HDF5\windows\vs19\win-x64\include\H5Opublic.h(1305,1): warning C4819: 该文件包含不能在当前代码页(936)中表示的字符。请将该文件保存为 Unicode 格式以防止数据丢失
  (编译源文件“../../../Main/src/Simulation.cpp”)
  
D:\PHengLEI-master\phenglei\PHengLEI\3rdparty\HDF5\windows\vs19\win-x64\include\H5Tpublic.h(1845,1): warning C4819: 该文件包含不能在当前代码页(936)中表示的字符。请将该文件保存为 Unicode 格式以防止数据丢失
  (编译源文件“../../../Main/src/Simulation.cpp”)
  
D:\PHengLEI-master\phenglei\PHengLEI\3rdparty\HDF5\windows\vs19\win-x64\include\H5ACpublic.h(1,1): warning C4819: 该文件包含不能在当前代码页(936)中表示的字符。请将该文件保存为 Unicode 格式以防止数据丢失
  (编译源文件“../../../Main/src/Simulation.cpp”)
  
D:\PHengLEI-master\phenglei\PHengLEI\3rdparty\HDF5\windows\vs19\win-x64\include\H5Dpublic.h(1,1): warning C4819: 该文件包含不能在当前代码页(936)中表示的字符。请将该文件保存为 Unicode 格式以防止数据丢失
  (编译源文件“../../../Main/src/Simulation.cpp”)
  
D:\PHengLEI-master\phenglei\PHengLEI\3rdparty\HDF5\windows\vs19\win-x64\include\H5Dpublic.h(722,1): warning C4819: 该文件包含不能在当前代码页(936)中表示的字符。请将该文件保存为 Unicode 格式以防止数据丢失
  (编译源文件“../../../Main/src/Simulation.cpp”)
  
D:\PHengLEI-master\phenglei\PHengLEI\3rdparty\HDF5\windows\vs19\win-x64\include\H5Fpublic.h(1,1): warning C4819: 该文件包含不能在当前代码页(936)中表示的字符。请将该文件保存为 Unicode 格式以防止数据丢失
  (编译源文件“../../../Main/src/Simulation.cpp”)
  
D:\PHengLEI-master\phenglei\PHengLEI\3rdparty\HDF5\windows\vs19\win-x64\include\H5Gpublic.h(783,1): warning C4819: 该文件包含不能在当前代码页(936)中表示的字符。请将该文件保存为 Unicode 格式以防止数据丢失
  (编译源文件“../../../Main/src/Simulation.cpp”)
  
D:\PHengLEI-master\phenglei\PHengLEI\3rdparty\HDF5\windows\vs19\win-x64\include\H5Ppublic.h(773,1): warning C4819: 该文件包含不能在当前代码页(936)中表示的字符。请将该文件保存为 Unicode 格式以防止数据丢失
  (编译源文件“../../../Main/src/Simulation.cpp”)
  
D:\PHengLEI-master\phenglei\PHengLEI\3rdparty\HDF5\windows\vs19\win-x64\include\H5Ppublic.h(2965,1): warning C4819: 该文件包含不能在当前代码页(936)中表示的字符。请将该文件保存为 Unicode 格式以防止数据丢失
  (编译源文件“../../../Main/src/Simulation.cpp”)
  
D:\PHengLEI-master\phenglei\PHengLEI\3rdparty\HDF5\windows\vs19\win-x64\include\H5Ppublic.h(4433,1): warning C4819: 该文件包含不能在当前代码页(936)中表示的字符。请将该文件保存为 Unicode 格式以防止数据丢失
  (编译源文件“../../../Main/src/Simulation.cpp”)
  
D:\PHengLEI-master\phenglei\PHengLEI\3rdparty\HDF5\windows\vs19\win-x64\include\H5Ppublic.h(5709,1): warning C4819: 该文件包含不能在当前代码页(936)中表示的字符。请将该文件保存为 Unicode 格式以防止数据丢失
  (编译源文件“../../../Main/src/Simulation.cpp”)
  
D:\PHengLEI-master\phenglei\PHengLEI\3rdparty\HDF5\windows\vs19\win-x64\include\H5Ppublic.h(6428,1): warning C4819: 该文件包含不能在当前代码页(936)中表示的字符。请将该文件保存为 Unicode 格式以防止数据丢失
  (编译源文件“../../../Main/src/Simulation.cpp”)
  
D:\PHengLEI-master\phenglei\PHengLEI\3rdparty\HDF5\windows\vs19\win-x64\include\H5Ppublic.h(8382,1): warning C4819: 该文件包含不能在当前代码页(936)中表示的字符。请将该文件保存为 Unicode 格式以防止数据丢失
  (编译源文件“../../../Main/src/Simulation.cpp”)
  
D:\PHengLEI-master\phenglei\PHengLEI\3rdparty\HDF5\windows\vs19\win-x64\include\H5Ppublic.h(9776,1): warning C4819: 该文件包含不能在当前代码页(936)中表示的字符。请将该文件保存为 Unicode 格式以防止数据丢失
  (编译源文件“../../../Main/src/Simulation.cpp”)
  
D:\PHengLEI-master\phenglei\Main\src\Simulation.cpp(1184,45): warning C4267: “=”: 从“size_t”转换到“int”，可能丢失数据
    正在创建库 D:/PHengLEI-master/phenglei/PHengLEI/build/PHengLEIv3d0/Release/PHengLEIv3d0.lib 和对象 D:/PHengLEI-master/phenglei/PHengLEI/build/PHengLEIv3d0/Release/PHengLEIv3d0.exp
  PHengLEIv3d0.vcxproj -> D:\PHengLEI-master\phenglei\PHengLEI\build\PHengLEIv3d0\Release\PHengLEIv3d0.exe
